<?xml version="1.0" encoding="UTF-8"?>
<!-- Generated by org.testng.reporters.JUnitXMLReporter -->
<testsuite hostname="DESKTOP-AFDT43T" failures="2" tests="2" name="JavaCore3" time="45.3" errors="0" timestamp="1 Jul 2020 03:21:53 GMT">
  <testcase classname="seleniumTests.PlaylistTests" name="playlistTests_createPlaylist_PlaylistCreated" time="2.751">
    <failure type="java.lang.ArrayIndexOutOfBoundsException" message="Index 5 out of bounds for length 5">
      <![CDATA[java.lang.ArrayIndexOutOfBoundsException: Index 5 out of bounds for length 5
	at pageObjects.MainPage.createPlaylist(MainPage.java:37)
	at seleniumTests.PlaylistTests.playlistTests_createPlaylist_PlaylistCreated(PlaylistTests.java:10)
	at com.intellij.rt.testng.IDEARemoteTestNG.run(IDEARemoteTestNG.java:66)
	at com.intellij.rt.testng.RemoteTestNGStarter.main(RemoteTestNGStarter.java:110)
... Removed 21 stack frames]]>
    </failure>
  </testcase> <!-- playlistTests_createPlaylist_PlaylistCreated -->
  <testcase classname="seleniumTests.PlaylistTests" name="playlistTests_renamePlaylist_PlaylistRenamed" time="2.893">
    <failure type="java.lang.ArrayIndexOutOfBoundsException" message="Index 5 out of bounds for length 5">
      <![CDATA[java.lang.ArrayIndexOutOfBoundsException: Index 5 out of bounds for length 5
	at pageObjects.MainPage.createPlaylist(MainPage.java:37)
	at seleniumTests.PlaylistTests.playlistTests_renamePlaylist_PlaylistRenamed(PlaylistTests.java:15)
	at com.intellij.rt.testng.IDEARemoteTestNG.run(IDEARemoteTestNG.java:66)
	at com.intellij.rt.testng.RemoteTestNGStarter.main(RemoteTestNGStarter.java:110)
... Removed 21 stack frames]]>
    </failure>
  </testcase> <!-- playlistTests_renamePlaylist_PlaylistRenamed -->
</testsuite> <!-- JavaCore3 -->
