<?xml version="1.0" encoding="UTF-8"?>
<!-- Generated by org.testng.reporters.JUnitXMLReporter -->
<testsuite hostname="dream" ignored="2" name="All tests" tests="16" failures="0" timestamp="02 Jul 2020 00:21:39 GMT" time="33.786" errors="0">
  <testcase name="loginTestCorrectCredentialsLoggedToApp" time="0.813" classname="SeleniumTests.LoginTestNew"/>
  <testcase name="loginTestCorrectCredentialsLoggedToApp" time="0.824" classname="SeleniumTests.LoginTest"/>
  <testcase name="createPlayList_PlayListCreated" time="2.758" classname="SeleniumTests.PlayListTests"/>
  <testcase name="createPlayList_PlayListCreated" time="2.749" classname="SeleniumTests.PlayListTestsNew"/>
  <testcase name="loginTestCorrectCredentialsLoggedToApp1" time="0.677" classname="SeleniumTests.LoginTestNew"/>
  <testcase name="loginTestCorrectCredentialsLoggedToApp1" time="0.635" classname="SeleniumTests.LoginTest"/>
  <testcase name="createPlayList_PlayListCreated1" time="2.503" classname="SeleniumTests.PlayListTests"/>
  <testcase name="createPlayList_PlayListCreated1" time="2.5" classname="SeleniumTests.PlayListTestsNew"/>
  <testcase name="loginTestCorrectCredentialsLoggedToApp2" time="0.641" classname="SeleniumTests.LoginTest"/>
  <testcase name="loginTestCorrectCredentialsLoggedToApp2" time="0.627" classname="SeleniumTests.LoginTestNew"/>
  <testcase name="renamePlayList_PlayListCreated" time="3.424" classname="SeleniumTests.PlayListTestsNew"/>
  <testcase name="renamePlayList_PlayListCreated" time="3.43" classname="SeleniumTests.PlayListTests"/>
  <testcase name="loginTestCorrectCredentialsLoggedToApp3" time="0.831" classname="SeleniumTests.LoginTest"/>
  <testcase name="loginTestCorrectCredentialsLoggedToApp3" time="0.752" classname="SeleniumTests.LoginTestNew"/>
  <testcase name="loginTestCorrectCredentialsLoggedToApp4" time="0.688" classname="SeleniumTests.LoginTest"/>
  <testcase name="loginTestCorrectCredentialsLoggedToApp4" time="0.721" classname="SeleniumTests.LoginTestNew"/>
  <testcase name="renamePlayList_PlayListCreated1" time="0.0" classname="SeleniumTests.PlayListTests">
    <ignored/>
  </testcase> <!-- renamePlayList_PlayListCreated1 -->
  <testcase name="renamePlayList_PlayListCreated1" time="0.0" classname="SeleniumTests.PlayListTestsNew">
    <ignored/>
  </testcase> <!-- renamePlayList_PlayListCreated1 -->
</testsuite> <!-- All tests -->
