<?xml version="1.0" encoding="UTF-8"?>
<!-- Generated by org.testng.reporters.JUnitXMLReporter -->
<testsuite hostname="dream" ignored="2" name="All tests" tests="16" failures="0" timestamp="02 Jul 2020 01:04:33 GMT" time="52.377" errors="0">
  <testcase name="loginTestCorrectCredentialsLoggedToApp" time="0.761" classname="SeleniumTests.LoginTestNew"/>
  <testcase name="loginTestCorrectCredentialsLoggedToApp" time="0.793" classname="SeleniumTests.LoginTest"/>
  <testcase name="createPlayList_PlayListCreated" time="3.034" classname="SeleniumTests.PlayListTestsNew"/>
  <testcase name="createPlayList_PlayListCreated" time="3.034" classname="SeleniumTests.PlayListTests"/>
  <testcase name="loginTestCorrectCredentialsLoggedToApp1" time="1.049" classname="SeleniumTests.LoginTestNew"/>
  <testcase name="loginTestCorrectCredentialsLoggedToApp1" time="1.005" classname="SeleniumTests.LoginTest"/>
  <testcase name="createPlayList_PlayListCreated1" time="2.669" classname="SeleniumTests.PlayListTestsNew"/>
  <testcase name="createPlayList_PlayListCreated1" time="2.744" classname="SeleniumTests.PlayListTests"/>
  <testcase name="loginTestCorrectCredentialsLoggedToApp2" time="0.654" classname="SeleniumTests.LoginTestNew"/>
  <testcase name="loginTestCorrectCredentialsLoggedToApp2" time="0.648" classname="SeleniumTests.LoginTest"/>
  <testcase name="renamePlayList_PlayListCreated" time="4.236" classname="SeleniumTests.PlayListTestsNew"/>
  <testcase name="renamePlayList_PlayListCreated" time="4.453" classname="SeleniumTests.PlayListTests"/>
  <testcase name="loginTestCorrectCredentialsLoggedToApp3" time="0.713" classname="SeleniumTests.LoginTest"/>
  <testcase name="loginTestCorrectCredentialsLoggedToApp3" time="0.763" classname="SeleniumTests.LoginTestNew"/>
  <testcase name="loginTestCorrectCredentialsLoggedToApp4" time="0.678" classname="SeleniumTests.LoginTest"/>
  <testcase name="loginTestCorrectCredentialsLoggedToApp4" time="0.652" classname="SeleniumTests.LoginTestNew"/>
  <testcase name="renamePlayList_PlayListCreated1" time="0.0" classname="SeleniumTests.PlayListTests">
    <ignored/>
  </testcase> <!-- renamePlayList_PlayListCreated1 -->
  <testcase name="renamePlayList_PlayListCreated1" time="0.0" classname="SeleniumTests.PlayListTestsNew">
    <ignored/>
  </testcase> <!-- renamePlayList_PlayListCreated1 -->
</testsuite> <!-- All tests -->
